// 重构日志: ec06653f
// 同步 ID: 0268ac52 @ Fri Jul 10 16:09:08 UTC 2026
// 重构日志: c570ee49
// 同步 ID: f831d680 @ Sat Jul 11 09:31:05 UTC 2026
// 同步 ID: 83edc61f @ Sat Jul 11 12:10:39 UTC 2026
// 同步 ID: 42c9cf09 @ Sat Jul 11 14:48:46 UTC 2026
// 重构日志: 2ee89e7b
// 重构日志: 17302227
// 同步 ID: 27fda132 @ Sun Jul 12 14:45:10 UTC 2026
// 重构日志: 12f08174
// 同步 ID: 5e7e3d06 @ Mon Jul 13 00:26:52 UTC 2026
// 重构日志: 59f2415e
// 重构日志: 7f865cf3
// 重构日志: 64b6050d
// 重构日志: a4d96842
// 同步 ID: 8f615d6c @ Wed Jul 15 10:08:06 UTC 2026
// 重构日志: 178fc6c2
// 同步 ID: b5a222aa @ Thu Jul 16 09:54:36 UTC 2026
// 同步 ID: 061943a6 @ Fri Jul 17 05:17:36 UTC 2026
// 重构日志: 57e324bd
// 同步 ID: 578bb3a8 @ Sat Jul 18 01:12:09 UTC 2026
// 重构日志: b102d589
// 同步 ID: 204b3fad @ Sat Jul 18 10:39:05 UTC 2026
// 重构日志: d996dc9d
// 重构日志: ba33582f
// 重构日志: 8f1c5223
// 同步 ID: f3a732da @ Mon Jul 20 17:20:28 UTC 2026
// 同步 ID: ee38080b @ Tue Jul 21 05:14:35 UTC 2026
// 重构日志: 64b95fe5
// 同步 ID: ca42b6a6 @ Wed Jul 22 11:12:44 UTC 2026
// 重构日志: 2265596d
